<?xml version="1.0" encoding="UTF-8"?>
<!-- Generated by org.testng.reporters.JUnitReportReporter -->
<testsuite hostname="Laptop-OBS-316" failures="0" tests="4" name="MasterScript.DeelslistScript" time="26.959" errors="0" timestamp="2022-12-06T18:41:39 IST" skipped="0">
  <testcase classname="MasterScript.DeelslistScript" name="TC_01_InvalidSearchDeels" time="5.886"/>
  <system-out>
    <![CDATA[Verify validation while passing invalid deel names
Actual Value: No DeeL Found !  Expected value: No DeeL Found !]]>
  </system-out>
  <testcase classname="MasterScript.DeelslistScript" name="TC_02_Validprefixsearchdeels" time="7.482"/>
  <system-out>
    <![CDATA[Verify search results appeared for prefix keywords
Actual Value : "DeeL - "Milk  Expected value : "DeeL - "Milk]]>
  </system-out>
  <testcase classname="MasterScript.DeelslistScript" name="TC_02_Validsuffixsearchdeels" time="6.277"/>
  <system-out>
    <![CDATA[Verify search results appeared for suffix keywords
Actual Value : "DeeL - "Milk  Expected value : "DeeL - "Milk]]>
  </system-out>
  <testcase classname="MasterScript.DeelslistScript" name="TC_02_Validmiddlesearchdeels" time="7.314"/>
  <system-out>
    <![CDATA[Verify search results appeared for middle keywords
Actual Value : "DeeL - "Milk  Expected value : "DeeL - "Milk]]>
  </system-out>
</testsuite> <!-- MasterScript.DeelslistScript -->
